Microsoft (R) Macro Assembler Version 5.10                  2/17/19 11:55:48
                                                             Page     1-1


       1				; * –õ–∞–±–æ—Ä–∞—Ç–æ—Ä–Ω–∞—è —Ä–∞–±–æ—Ç
					–∞ N1 *
       2				; * –ò–∑—É—á–µ–Ω–∏–µ –æ—Ç–ª–∞–¥—á–∏–∫–∞
					 AFD *
       3				; ******************************
       4				; ------------------------------
       5				; –ü—Ä–∏–º–µ—á–∞–Ω–∏–µ: –ü—Ä–æ–≥—Ä–∞–º–
					º–∞ –≤—ã–≤–æ–¥–∏—Ç –Ω–∞ –¥–∏—Å–ø–ª–µ–π 
					—Å–æ–æ–±—â–µ–Ω–∏–µ –∏
       6				; –∏ –æ–∂–∏–¥–∞–µ—Ç –Ω–∞–∂–∞—Ç–∏—è –∫–ª
					–∞–≤–∏—à–∏ , –∫–æ–¥ —Å–∏–º–≤–æ–ª–∞
       7				; –ø–æ–º–µ—â–∞–µ—Ç—Å—è –≤ —Ä–µ–≥–∏—Å—Ç—
					Ä AL
       8				; –°–ø—Ä–∞–≤–∫–∞...: DS:DX - –∞–¥—Ä–µ—Å
					 —Å—Ç—Ä–æ–∫–∏;
       9				; –§—É–Ω–∫—Ü–∏–∏ DOS :
      10				; 09h –≤—ã–¥–∞—Ç—å –Ω–∞ –¥–∏—Å–ø–ª–µ–π 
					—Å—Ç—Ä–æ–∫—É,
      11				; 07h –≤–≤–µ—Å—Ç–∏ —Å–∏–º–≤–æ–ª –±–µ–∑ 
					—ç—Ö–∞,
      12				; 4Ch –∑–∞–≤–µ—Ä—à–∏—Ç—å –ø—Ä–æ—Ü–µ—Å—Å
					 ;
      13				; INT 21h - –≤—ã–∑–æ–≤ —Ñ—É–Ω–∫—Ü–∏–∏ D
					OS
      14				;
      15 0000				StkSeg SEGMENT PARA STACK 'STACK'
      16 0000  0200[			DB 200h DUP (?)
      17	   ??			
      18			 ]	
      19				
      20 0200				StkSeg ENDS
      21				;
      22 0000				DataS SEGMENT WORD 'DATA'
      23 0000  0D			HelloMessage DB 13 ;–∫—É—Ä—Å–æ—Ä –ø–æ–º
					–µ—Å—Ç–∏—Ç—å –≤ –Ω–∞—á. —Å—Ç—Ä–æ–∫–∏
      24 0001  0A			DB 10 ;–ø–µ—Ä–µ–≤–µ—Å—Ç–∏ –∫—É—Ä—Å–æ—Ä 
					–Ω–∞ –Ω–æ–≤. —Å—Ç—Ä–æ–∫—É
      25 0002  48 65 6C 6C 6F 2C	DB 'Hello, world !' ;—Ç–µ–∫—Å—Ç —Å–æ–æ–
					±—â–µ–Ω–∏—è
      26       20 77 6F 72 6C 64	
      27       20 21			
      28 0010  24			DB '$' ;–æ–≥—Ä–∞–Ω–∏—á–∏—Ç–µ–ª—å –¥–ª—è
					 —Ñ—É–Ω–∫—Ü–∏–∏ DOS
      29 0011				DataS ENDS
      30				;
      31 0000				Code SEGMENT WORD 'CODE'
      32				ASSUME CS:Code, DS:DataS
      33 0000				DispMsg:
      34 0000  B8 ---- R		mov AX,DataS ;–∑–∞–≥—Ä—É–∑–∫–∞ –≤ AX –∞
					–¥—Ä–µ—Å–∞ —Å–µ–≥–º–µ–Ω—Ç–∞ –¥–∞–Ω–Ω—ã—
					Ö
      35 0003  8E D8			mov DS,AX ;—É—Å—Ç–∞–Ω–æ–≤–∫–∞ DS
      36 0005  BA 0000 R		mov DX,OFFSET HelloMessage ;DS:DX - –∞–
					¥—Ä–µ—Å —Å—Ç—Ä–æ–∫–∏
Microsoft (R) Macro Assembler Version 5.10                  2/17/19 11:55:48
                                                             Page     1-2


      37 0008  B4 09			mov AH,9 ;–ê–ù=09h –≤—ã–¥–∞—Ç—å –Ω–∞ –¥
					–∏—Å–ø–ª–µ–π —Å—Ç—Ä–æ–∫—É
      38 000A  CD 21			int 21h ;–≤—ã–∑–æ–≤ —Ñ—É–Ω–∫—Ü–∏–∏ DOS
      39 000C  B4 07			mov AH,7 ;–ê–ù=07h –≤–≤–µ—Å—Ç–∏ —Å–∏–º–
					≤–æ–ª –±–µ–∑ —ç—Ö–∞
      40 000E  CD 21			INT 21h ;–≤—ã–∑–æ–≤ —Ñ—É–Ω–∫—Ü–∏–∏ DOS
      41 0010  B4 4C			mov AH,4Ch ;–ê–ù=4Ch –∑–∞–≤–µ—Ä—à–∏—Ç—å
					 –ø—Ä–æ—Ü–µ—Å—Å
      42 0012  CD 21			int 21h ;–≤—ã–∑–æ–≤ —Ñ—É–Ω–∫—Ü–∏–∏ DOS
      43 0014				Code ENDS
      44				END DispMsg
Microsoft (R) Macro Assembler Version 5.10                  2/17/19 11:55:48
                                                             Symbols-1


Segments and Groups:

                N a m e         	Length	 Align	Combine Class

CODE . . . . . . . . . . . . . .  	0014	WORD	NONE	'CODE'
DATAS  . . . . . . . . . . . . .  	0011	WORD	NONE	'DATA'
STKSEG . . . . . . . . . . . . .  	0200	PARA	STACK	'STACK'

Symbols:            

                N a m e         	Type	 Value	 Attr

DISPMSG  . . . . . . . . . . . .  	L NEAR	0000	CODE

HELLOMESSAGE . . . . . . . . . .  	L BYTE	0000	DATAS

@CPU . . . . . . . . . . . . . .  	TEXT  0101h		
@FILENAME  . . . . . . . . . . .  	TEXT  L01		
@VERSION . . . . . . . . . . . .  	TEXT  510		


     39 Source  Lines
     39 Total   Lines
     12 Symbols

  47508 + 447527 Bytes symbol space free

      0 Warning Errors
      0 Severe  Errors
