Microsoft (R) Macro Assembler Version 5.10                  3/24/19 20:01:45
                                                             Page     1-1


       1				public print_hu
       2				EXTRN X:FAR
       3				
       4 0000				Data	SEGMENT	PUBLIC
       5 0000  30 31 32 33 34 35		SYMBOLS	DB	'0123456789ABCD
					EF'
       6       36 37 38 39 41 42	
       7       43 44 45 46		
       8 0010				Data	ENDS
       9				
      10				EXTRN X:FAR
      11 0000				CSEG SEGMENT PARA PUBLIC 'CODE'
      12				ASSUME CS:CSEG, DS:Data
      13 0000					print_hu proc near
      14 0000  A1 0000 E					MOV AX, X
lr6_hu.asm(12): warning A4057: Illegal size for operand
      15 0003  1E						PUSH DS
      16 0004  B9 ---- R					MOV CX, Data
      17 0007  8E D9						MOV DS, CX
      18 0009  BB 0010						MOV BX,16
									
								
      19 000C  50						PUSH	AX
									
								
      20				
      21				
      22 000D						HU_DIV1:
      23 000D  BA 0000							MOV
							DX,0
      24 0010  F7 F3							DIV
							BX		
							
      25 0012  50							PUSH
							AX		
									
      26 0013  B4 02							MOV
							AH,2		
								
      27 0015  B2 61							MOV
							DL,'a'
      28 0017  CD 21							INT
							21h
      29 0019  58							POP
							AX		
							
      30 001A  3D 0000							CMP
							AX,0		
							
      31 001D  75 EE							JNE
							HU_DIV1		
							
      32				
      33 001F  B4 02							MOV
						AH,2
Microsoft (R) Macro Assembler Version 5.10                  3/24/19 20:01:45
                                                             Page     1-2


      34 0021  B2 08							MOV DL,
					8				
							
      35 0023  CD 21							INT 21h
      36				
      37 0025  58							POP
							AX		
								
      38				
      39 0026						HU_DIV2:
      40 0026  BA 0000							MOV
							DX,0
      41 0029  F7 F3							DIV
							BX		
								
      42 002B  50							PUSH
						AX			
							
      43				
      44 002C  53							PUSH
						BX
      45 002D  BB 0000 R						MOV   B
					X, OFFSET SYMBOLS
      46 0030  8A C2							MOV
							AL, DL
      47 0032  D7							XLAT
      48 0033  8A D0							MOV
							DL, AL
      49 0035  5B							POP 
						BX
      50 0036  B4 02							MOV
							AH,2
      51 0038  EB 07 90							JMP
							HU_ADD_0
      52				
      53 003B						HU_ADD_A:
      54 003B  80 C2 41							ADD
							DL,'A'
      55 003E  80 EA 0A							SUB
							DL,10
      56				
      57 0041						HU_ADD_0:
      58 0041  CD 21							INT
							21h		
									
						
      59 0043  B2 08							MOV
							DL,8		
									
      60 0045  CD 21							INT
							21h
      61 0047  CD 21							INT
							21h
      62 0049  58							POP
Microsoft (R) Macro Assembler Version 5.10                  3/24/19 20:01:45
                                                             Page     1-3


							AX		
									
						
      63 004A  3D 0000							CMP
							AX,0		
									
      64 004D  75 D7							JNE
							HU_DIV2		
							
      65				
      66 004F  1F						POP DS
      67 0050  C3						ret
      68 0051					print_hu endp
      69					
      70 0051				CSEG ENDS
      71				END
Microsoft (R) Macro Assembler Version 5.10                  3/24/19 20:01:45
                                                             Symbols-1


Segments and Groups:

                N a m e         	Length	 Align	Combine Class

CSEG . . . . . . . . . . . . . .  	0051	PARA	PUBLIC	'CODE'
DATA . . . . . . . . . . . . . .  	0010	PARA	PUBLIC	

Symbols:            

                N a m e         	Type	 Value	 Attr

HU_ADD_0 . . . . . . . . . . . .  	L NEAR	0041	CSEG
HU_ADD_A . . . . . . . . . . . .  	L NEAR	003B	CSEG
HU_DIV1  . . . . . . . . . . . .  	L NEAR	000D	CSEG
HU_DIV2  . . . . . . . . . . . .  	L NEAR	0026	CSEG

PRINT_HU . . . . . . . . . . . .  	N PROC	0000	CSEG	Global	Length = 0051

SYMBOLS  . . . . . . . . . . . .  	L BYTE	0000	DATA

X  . . . . . . . . . . . . . . .  	L FAR 	0000		External

@CPU . . . . . . . . . . . . . .  	TEXT  0101h		
@FILENAME  . . . . . . . . . . .  	TEXT  lr6_hu		
@VERSION . . . . . . . . . . . .  	TEXT  510		


     69 Source  Lines
     69 Total   Lines
     15 Symbols

  46706 + 447450 Bytes symbol space free

      1 Warning Errors
      0 Severe  Errors
